<?xml version="1.0" encoding="UTF-8"?>
<!-- Generated by org.testng.reporters.JUnitReportReporter -->
<testsuite hostname="Ila" name="testcases.VerifyHomePage" tests="1" failures="0" timestamp="2 Jan 2017 23:07:49 GMT" time="6.055" errors="0">
  <testcase name="testHomePage" time="6.055" classname="testcases.VerifyHomePage"/>
</testsuite> <!-- testcases.VerifyHomePage -->
